<?xml version="1.0" encoding="UTF-8"?>
<testsuite xmlns:xsi="http://www.w3.org/2001/XMLSchema-instance" xsi:noNamespaceSchemaLocation="https://maven.apache.org/surefire/maven-surefire-plugin/xsd/surefire-test-report.xsd" version="3.0.2" name="com.example.bbc_reader_api.BbcReaderApiApplicationTests" time="2.269" tests="1" errors="0" skipped="0" failures="0" flakes="0">
  <properties>
[...]
</properties>
  <testcase name="contextLoads" classname="com.example.bbc_reader_api.BbcReaderApiApplicationTests" time="0.592">
    <system-out><![CDATA[11:06:42.363 [main] INFO org.springframework.test.context.support.AnnotationConfigContextLoaderUtils -- Could not detect default configuration classes for test class [com.example.bbc_reader_api.BbcReaderApiApplicationTests]: BbcReaderApiApplicationTests does not declare any static, non-private, non-final, nested classes annotated with @Configuration.
11:06:42.465 [main] INFO org.springframework.boot.test.context.SpringBootTestContextBootstrapper -- Found @SpringBootConfiguration com.example.bbc_reader_api.BbcReaderApiApplication for test class com.example.bbc_reader_api.BbcReaderApiApplicationTests
11:06:42.546 [main] INFO org.springframework.test.context.support.AnnotationConfigContextLoaderUtils -- Could not detect default configuration classes for test class [com.example.bbc_reader_api.BbcReaderApiApplicationTests]: BbcReaderApiApplicationTests does not declare any static, non-private, non-final, nested classes annotated with @Configuration.
11:06:42.548 [main] INFO org.springframework.boot.test.context.SpringBootTestContextBootstrapper -- Found @SpringBootConfiguration com.example.bbc_reader_api.BbcReaderApiApplication for test class com.example.bbc_reader_api.BbcReaderApiApplicationTests

  .   ____          _            __ _ _
 /\\ / ___'_ __ _ _(_)_ __  __ _ \ \ \ \
( ( )\___ | '_ | '_| | '_ \/ _` | \ \ \ \
 \\/  ___)| |_)| | | | | || (_| |  ) ) ) )
  '  |____| .__|_| |_|_| |_\__, | / / / /
 =========|_|==============|___/=/_/_/_/

 :: Spring Boot ::                (v4.1.0)

2026-07-03T11:06:42.873+09:00  INFO 25252 --- [bbc-reader-api] [           main] c.e.b.BbcReaderApiApplicationTests       : Starting BbcReaderApiApplicationTests using Java 23.0.2 with PID 25252 (started by shinp in C:\Users\shinp\.vscode\bbc-reader\backend\bbc-reader-api)
2026-07-03T11:06:42.875+09:00  INFO 25252 --- [bbc-reader-api] [           main] c.e.b.BbcReaderApiApplicationTests       : No active profile set, falling back to 1 default profile: "default"
2026-07-03T11:06:43.815+09:00  INFO 25252 --- [bbc-reader-api] [           main] c.e.b.BbcReaderApiApplicationTests       : Started BbcReaderApiApplicationTests in 1.221 seconds (process running for 2.372)
]]></system-out>
    <system-err><![CDATA[Mockito is currently self-attaching to enable the inline-mock-maker. This will no longer work in future releases of the JDK. Please add Mockito as an agent to your build as described in Mockito's documentation: https://javadoc.io/doc/org.mockito/mockito-core/latest/org.mockito/org/mockito/Mockito.html#0.3
WARNING: A Java agent has been loaded dynamically (C:\Users\shinp\.m2\repository\net\bytebuddy\byte-buddy-agent\1.18.10\byte-buddy-agent-1.18.10.jar)
WARNING: If a serviceability tool is in use, please run with -XX:+EnableDynamicAgentLoading to hide this warning
WARNING: If a serviceability tool is not in use, please run with -Djdk.instrument.traceUsage for more information
WARNING: Dynamic loading of agents will be disallowed by default in a future release
]]></system-err>
  </testcase>
</testsuite>